[2019-07-13 07:51:45] local.ERROR: Invalid route action: [App\Http\Controllers\HomeControllerpeePreview]. {"exception":"[object] (UnexpectedValueException(code: 0): Invalid route action: [App\\Http\\Controllers\\HomeControllerpeePreview]. at C:\\Users\\DELL INSPIRON 15\\Desktop\\Laravel Projects\\CBReporting\\vendor\\laravel\\framework\\src\\Illuminate\\Routing\\RouteAction.php:89)
[stacktrace]
#0 C:\\Users\\DELL INSPIRON 15\\Desktop\\Laravel Projects\\CBReporting\\vendor\\laravel\\framework\\src\\Illuminate\\Routing\\RouteAction.php(46): Illuminate\\Routing\\RouteAction::makeInvokable('App\\\\Http\\\\Contro...')
#1 C:\\Users\\DELL INSPIRON 15\\Desktop\\Laravel Projects\\CBReporting\\vendor\\laravel\\framework\\src\\Illuminate\\Routing\\Route.php(162): Illuminate\\Routing\\RouteAction::parse('crr-preview', Array)
#2 C:\\Users\\DELL INSPIRON 15\\Desktop\\Laravel Projects\\CBReporting\\vendor\\laravel\\framework\\src\\Illuminate\\Routing\\Route.php(141): Illuminate\\Routing\\Route->parseAction(Array)
#3 C:\\Users\\DELL INSPIRON 15\\Desktop\\Laravel Projects\\CBReporting\\vendor\\laravel\\framework\\src\\Illuminate\\Routing\\Router.php(547): Illuminate\\Routing\\Route->__construct('POST', 'crr-preview', Array)
#4 C:\\Users\\DELL INSPIRON 15\\Desktop\\Laravel Projects\\CBReporting\\vendor\\laravel\\framework\\src\\Illuminate\\Routing\\Router.php(466): Illuminate\\Routing\\Router->newRoute('POST', 'crr-preview', Array)
#5 C:\\Users\\DELL INSPIRON 15\\Desktop\\Laravel Projects\\CBReporting\\vendor\\laravel\\framework\\src\\Illuminate\\Routing\\Router.php(445): Illuminate\\Routing\\Router->createRoute('POST', '/crr-preview', Array)
#6 C:\\Users\\DELL INSPIRON 15\\Desktop\\Laravel Projects\\CBReporting\\vendor\\laravel\\framework\\src\\Illuminate\\Routing\\Router.php(156): Illuminate\\Routing\\Router->addRoute('POST', '/crr-preview', Array)
#7 C:\\Users\\DELL INSPIRON 15\\Desktop\\Laravel Projects\\CBReporting\\vendor\\laravel\\framework\\src\\Illuminate\\Support\\Facades\\Facade.php(237): Illuminate\\Routing\\Router->post('/crr-preview', Array)
#8 C:\\Users\\DELL INSPIRON 15\\Desktop\\Laravel Projects\\CBReporting\outes\\web.php(127): Illuminate\\Support\\Facades\\Facade::__callStatic('post', Array)
#9 C:\\Users\\DELL INSPIRON 15\\Desktop\\Laravel Projects\\CBReporting\\vendor\\laravel\\framework\\src\\Illuminate\\Routing\\RouteFileRegistrar.php(35): require('C:\\\\Users\\\\DELL I...')
#10 C:\\Users\\DELL INSPIRON 15\\Desktop\\Laravel Projects\\CBReporting\\vendor\\laravel\\framework\\src\\Illuminate\\Routing\\Router.php(415): Illuminate\\Routing\\RouteFileRegistrar->register('C:\\\\Users\\\\DELL I...')
#11 C:\\Users\\DELL INSPIRON 15\\Desktop\\Laravel Projects\\CBReporting\\vendor\\laravel\\framework\\src\\Illuminate\\Routing\\Router.php(373): Illuminate\\Routing\\Router->loadRoutes('C:\\\\Users\\\\DELL I...')
#12 C:\\Users\\DELL INSPIRON 15\\Desktop\\Laravel Projects\\CBReporting\\vendor\\laravel\\framework\\src\\Illuminate\\Routing\\RouteRegistrar.php(121): Illuminate\\Routing\\Router->group(Array, 'C:\\\\Users\\\\DELL I...')
#13 C:\\Users\\DELL INSPIRON 15\\Desktop\\Laravel Projects\\CBReporting\\app\\Providers\\RouteServiceProvider.php(56): Illuminate\\Routing\\RouteRegistrar->group('C:\\\\Users\\\\DELL I...')
#14 C:\\Users\\DELL INSPIRON 15\\Desktop\\Laravel Projects\\CBReporting\\app\\Providers\\RouteServiceProvider.php(40): App\\Providers\\RouteServiceProvider->mapWebRoutes()
#15 [internal function]: App\\Providers\\RouteServiceProvider->map()
#16 C:\\Users\\DELL INSPIRON 15\\Desktop\\Laravel Projects\\CBReporting\\vendor\\laravel\\framework\\src\\Illuminate\\Container\\BoundMethod.php(32): call_user_func_array(Array, Array)
#17 C:\\Users\\DELL INSPIRON 15\\Desktop\\Laravel Projects\\CBReporting\\vendor\\laravel\\framework\\src\\Illuminate\\Container\\BoundMethod.php(90): Illuminate\\Container\\BoundMethod::Illuminate\\Container\\{closure}()
#18 C:\\Users\\DELL INSPIRON 15\\Desktop\\Laravel Projects\\CBReporting\\vendor\\laravel\\framework\\src\\Illuminate\\Container\\BoundMethod.php(34): Illuminate\\Container\\BoundMethod::callBoundMethod(Object(Illuminate\\Foundation\\Application), Array, Object(Closure))
#19 C:\\Users\\DELL INSPIRON 15\\Desktop\\Laravel Projects\\CBReporting\\vendor\\laravel\\framework\\src\\Illuminate\\Container\\Container.php(580): Illuminate\\Container\\BoundMethod::call(Object(Illuminate\\Foundation\\Application), Array, Array, NULL)
#20 C:\\Users\\DELL INSPIRON 15\\Desktop\\Laravel Projects\\CBReporting\\vendor\\laravel\\framework\\src\\Illuminate\\Foundation\\Support\\Providers\\RouteServiceProvider.php(87): Illuminate\\Container\\Container->call(Array)
#21 C:\\Users\\DELL INSPIRON 15\\Desktop\\Laravel Projects\\CBReporting\\vendor\\laravel\\framework\\src\\Illuminate\\Foundation\\Support\\Providers\\RouteServiceProvider.php(36): Illuminate\\Foundation\\Support\\Providers\\RouteServiceProvider->loadRoutes()
#22 C:\\Users\\DELL INSPIRON 15\\Desktop\\Laravel Projects\\CBReporting\\app\\Providers\\RouteServiceProvider.php(28): Illuminate\\Foundation\\Support\\Providers\\RouteServiceProvider->boot()
#23 [internal function]: App\\Providers\\RouteServiceProvider->boot()
#24 C:\\Users\\DELL INSPIRON 15\\Desktop\\Laravel Projects\\CBReporting\\vendor\\laravel\\framework\\src\\Illuminate\\Container\\BoundMethod.php(32): call_user_func_array(Array, Array)
#25 C:\\Users\\DELL INSPIRON 15\\Desktop\\Laravel Projects\\CBReporting\\vendor\\laravel\\framework\\src\\Illuminate\\Container\\BoundMethod.php(90): Illuminate\\Container\\BoundMethod::Illuminate\\Container\\{closure}()
#26 C:\\Users\\DELL INSPIRON 15\\Desktop\\Laravel Projects\\CBReporting\\vendor\\laravel\\framework\\src\\Illuminate\\Container\\BoundMethod.php(34): Illuminate\\Container\\BoundMethod::callBoundMethod(Object(Illuminate\\Foundation\\Application), Array, Object(Closure))
#27 C:\\Users\\DELL INSPIRON 15\\Desktop\\Laravel Projects\\CBReporting\\vendor\\laravel\\framework\\src\\Illuminate\\Container\\Container.php(580): Illuminate\\Container\\BoundMethod::call(Object(Illuminate\\Foundation\\Application), Array, Array, NULL)
#28 C:\\Users\\DELL INSPIRON 15\\Desktop\\Laravel Projects\\CBReporting\\vendor\\laravel\\framework\\src\\Illuminate\\Foundation\\Application.php(817): Illuminate\\Container\\Container->call(Array)
#29 C:\\Users\\DELL INSPIRON 15\\Desktop\\Laravel Projects\\CBReporting\\vendor\\laravel\\framework\\src\\Illuminate\\Foundation\\Application.php(800): Illuminate\\Foundation\\Application->bootProvider(Object(App\\Providers\\RouteServiceProvider))
#30 [internal function]: Illuminate\\Foundation\\Application->Illuminate\\Foundation\\{closure}(Object(App\\Providers\\RouteServiceProvider), 20)
#31 C:\\Users\\DELL INSPIRON 15\\Desktop\\Laravel Projects\\CBReporting\\vendor\\laravel\\framework\\src\\Illuminate\\Foundation\\Application.php(801): array_walk(Array, Object(Closure))
#32 C:\\Users\\DELL INSPIRON 15\\Desktop\\Laravel Projects\\CBReporting\\vendor\\laravel\\framework\\src\\Illuminate\\Foundation\\Bootstrap\\BootProviders.php(17): Illuminate\\Foundation\\Application->boot()
#33 C:\\Users\\DELL INSPIRON 15\\Desktop\\Laravel Projects\\CBReporting\\vendor\\laravel\\framework\\src\\Illuminate\\Foundation\\Application.php(210): Illuminate\\Foundation\\Bootstrap\\BootProviders->bootstrap(Object(Illuminate\\Foundation\\Application))
#34 C:\\Users\\DELL INSPIRON 15\\Desktop\\Laravel Projects\\CBReporting\\vendor\\laravel\\framework\\src\\Illuminate\\Foundation\\Http\\Kernel.php(162): Illuminate\\Foundation\\Application->bootstrapWith(Array)
#35 C:\\Users\\DELL INSPIRON 15\\Desktop\\Laravel Projects\\CBReporting\\vendor\\laravel\\framework\\src\\Illuminate\\Foundation\\Http\\Kernel.php(146): Illuminate\\Foundation\\Http\\Kernel->bootstrap()
#36 C:\\Users\\DELL INSPIRON 15\\Desktop\\Laravel Projects\\CBReporting\\vendor\\laravel\\framework\\src\\Illuminate\\Foundation\\Http\\Kernel.php(116): Illuminate\\Foundation\\Http\\Kernel->sendRequestThroughRouter(Object(Illuminate\\Http\\Request))
#37 C:\\Users\\DELL INSPIRON 15\\Desktop\\Laravel Projects\\CBReporting\\public\\index.php(55): Illuminate\\Foundation\\Http\\Kernel->handle(Object(Illuminate\\Http\\Request))
#38 C:\\Users\\DELL INSPIRON 15\\Desktop\\Laravel Projects\\CBReporting\\server.php(21): require_once('C:\\\\Users\\\\DELL I...')
#39 {main}
"} 
[2019-07-13 07:53:17] local.ERROR: Invalid route action: [App\Http\Controllers\HomeControllerpeePreview]. {"exception":"[object] (UnexpectedValueException(code: 0): Invalid route action: [App\\Http\\Controllers\\HomeControllerpeePreview]. at C:\\Users\\DELL INSPIRON 15\\Desktop\\Laravel Projects\\CBReporting\\vendor\\laravel\\framework\\src\\Illuminate\\Routing\\RouteAction.php:89)
[stacktrace]
#0 C:\\Users\\DELL INSPIRON 15\\Desktop\\Laravel Projects\\CBReporting\\vendor\\laravel\\framework\\src\\Illuminate\\Routing\\RouteAction.php(46): Illuminate\\Routing\\RouteAction::makeInvokable('App\\\\Http\\\\Contro...')
#1 C:\\Users\\DELL INSPIRON 15\\Desktop\\Laravel Projects\\CBReporting\\vendor\\laravel\\framework\\src\\Illuminate\\Routing\\Route.php(162): Illuminate\\Routing\\RouteAction::parse('crr-preview', Array)
#2 C:\\Users\\DELL INSPIRON 15\\Desktop\\Laravel Projects\\CBReporting\\vendor\\laravel\\framework\\src\\Illuminate\\Routing\\Route.php(141): Illuminate\\Routing\\Route->parseAction(Array)
#3 C:\\Users\\DELL INSPIRON 15\\Desktop\\Laravel Projects\\CBReporting\\vendor\\laravel\\framework\\src\\Illuminate\\Routing\\Router.php(547): Illuminate\\Routing\\Route->__construct('POST', 'crr-preview', Array)
#4 C:\\Users\\DELL INSPIRON 15\\Desktop\\Laravel Projects\\CBReporting\\vendor\\laravel\\framework\\src\\Illuminate\\Routing\\Router.php(466): Illuminate\\Routing\\Router->newRoute('POST', 'crr-preview', Array)
#5 C:\\Users\\DELL INSPIRON 15\\Desktop\\Laravel Projects\\CBReporting\\vendor\\laravel\\framework\\src\\Illuminate\\Routing\\Router.php(445): Illuminate\\Routing\\Router->createRoute('POST', '/crr-preview', Array)
#6 C:\\Users\\DELL INSPIRON 15\\Desktop\\Laravel Projects\\CBReporting\\vendor\\laravel\\framework\\src\\Illuminate\\Routing\\Router.php(156): Illuminate\\Routing\\Router->addRoute('POST', '/crr-preview', Array)
#7 C:\\Users\\DELL INSPIRON 15\\Desktop\\Laravel Projects\\CBReporting\\vendor\\laravel\\framework\\src\\Illuminate\\Support\\Facades\\Facade.php(237): Illuminate\\Routing\\Router->post('/crr-preview', Array)
#8 C:\\Users\\DELL INSPIRON 15\\Desktop\\Laravel Projects\\CBReporting\outes\\web.php(127): Illuminate\\Support\\Facades\\Facade::__callStatic('post', Array)
#9 C:\\Users\\DELL INSPIRON 15\\Desktop\\Laravel Projects\\CBReporting\\vendor\\laravel\\framework\\src\\Illuminate\\Routing\\RouteFileRegistrar.php(35): require('C:\\\\Users\\\\DELL I...')
#10 C:\\Users\\DELL INSPIRON 15\\Desktop\\Laravel Projects\\CBReporting\\vendor\\laravel\\framework\\src\\Illuminate\\Routing\\Router.php(415): Illuminate\\Routing\\RouteFileRegistrar->register('C:\\\\Users\\\\DELL I...')
#11 C:\\Users\\DELL INSPIRON 15\\Desktop\\Laravel Projects\\CBReporting\\vendor\\laravel\\framework\\src\\Illuminate\\Routing\\Router.php(373): Illuminate\\Routing\\Router->loadRoutes('C:\\\\Users\\\\DELL I...')
#12 C:\\Users\\DELL INSPIRON 15\\Desktop\\Laravel Projects\\CBReporting\\vendor\\laravel\\framework\\src\\Illuminate\\Routing\\RouteRegistrar.php(121): Illuminate\\Routing\\Router->group(Array, 'C:\\\\Users\\\\DELL I...')
#13 C:\\Users\\DELL INSPIRON 15\\Desktop\\Laravel Projects\\CBReporting\\app\\Providers\\RouteServiceProvider.php(56): Illuminate\\Routing\\RouteRegistrar->group('C:\\\\Users\\\\DELL I...')
#14 C:\\Users\\DELL INSPIRON 15\\Desktop\\Laravel Projects\\CBReporting\\app\\Providers\\RouteServiceProvider.php(40): App\\Providers\\RouteServiceProvider->mapWebRoutes()
#15 [internal function]: App\\Providers\\RouteServiceProvider->map()
#16 C:\\Users\\DELL INSPIRON 15\\Desktop\\Laravel Projects\\CBReporting\\vendor\\laravel\\framework\\src\\Illuminate\\Container\\BoundMethod.php(32): call_user_func_array(Array, Array)
#17 C:\\Users\\DELL INSPIRON 15\\Desktop\\Laravel Projects\\CBReporting\\vendor\\laravel\\framework\\src\\Illuminate\\Container\\BoundMethod.php(90): Illuminate\\Container\\BoundMethod::Illuminate\\Container\\{closure}()
#18 C:\\Users\\DELL INSPIRON 15\\Desktop\\Laravel Projects\\CBReporting\\vendor\\laravel\\framework\\src\\Illuminate\\Container\\BoundMethod.php(34): Illuminate\\Container\\BoundMethod::callBoundMethod(Object(Illuminate\\Foundation\\Application), Array, Object(Closure))
#19 C:\\Users\\DELL INSPIRON 15\\Desktop\\Laravel Projects\\CBReporting\\vendor\\laravel\\framework\\src\\Illuminate\\Container\\Container.php(580): Illuminate\\Container\\BoundMethod::call(Object(Illuminate\\Foundation\\Application), Array, Array, NULL)
#20 C:\\Users\\DELL INSPIRON 15\\Desktop\\Laravel Projects\\CBReporting\\vendor\\laravel\\framework\\src\\Illuminate\\Foundation\\Support\\Providers\\RouteServiceProvider.php(87): Illuminate\\Container\\Container->call(Array)
#21 C:\\Users\\DELL INSPIRON 15\\Desktop\\Laravel Projects\\CBReporting\\vendor\\laravel\\framework\\src\\Illuminate\\Foundation\\Support\\Providers\\RouteServiceProvider.php(36): Illuminate\\Foundation\\Support\\Providers\\RouteServiceProvider->loadRoutes()
#22 C:\\Users\\DELL INSPIRON 15\\Desktop\\Laravel Projects\\CBReporting\\app\\Providers\\RouteServiceProvider.php(28): Illuminate\\Foundation\\Support\\Providers\\RouteServiceProvider->boot()
#23 [internal function]: App\\Providers\\RouteServiceProvider->boot()
#24 C:\\Users\\DELL INSPIRON 15\\Desktop\\Laravel Projects\\CBReporting\\vendor\\laravel\\framework\\src\\Illuminate\\Container\\BoundMethod.php(32): call_user_func_array(Array, Array)
#25 C:\\Users\\DELL INSPIRON 15\\Desktop\\Laravel Projects\\CBReporting\\vendor\\laravel\\framework\\src\\Illuminate\\Container\\BoundMethod.php(90): Illuminate\\Container\\BoundMethod::Illuminate\\Container\\{closure}()
#26 C:\\Users\\DELL INSPIRON 15\\Desktop\\Laravel Projects\\CBReporting\\vendor\\laravel\\framework\\src\\Illuminate\\Container\\BoundMethod.php(34): Illuminate\\Container\\BoundMethod::callBoundMethod(Object(Illuminate\\Foundation\\Application), Array, Object(Closure))
#27 C:\\Users\\DELL INSPIRON 15\\Desktop\\Laravel Projects\\CBReporting\\vendor\\laravel\\framework\\src\\Illuminate\\Container\\Container.php(580): Illuminate\\Container\\BoundMethod::call(Object(Illuminate\\Foundation\\Application), Array, Array, NULL)
#28 C:\\Users\\DELL INSPIRON 15\\Desktop\\Laravel Projects\\CBReporting\\vendor\\laravel\\framework\\src\\Illuminate\\Foundation\\Application.php(817): Illuminate\\Container\\Container->call(Array)
#29 C:\\Users\\DELL INSPIRON 15\\Desktop\\Laravel Projects\\CBReporting\\vendor\\laravel\\framework\\src\\Illuminate\\Foundation\\Application.php(800): Illuminate\\Foundation\\Application->bootProvider(Object(App\\Providers\\RouteServiceProvider))
#30 [internal function]: Illuminate\\Foundation\\Application->Illuminate\\Foundation\\{closure}(Object(App\\Providers\\RouteServiceProvider), 20)
#31 C:\\Users\\DELL INSPIRON 15\\Desktop\\Laravel Projects\\CBReporting\\vendor\\laravel\\framework\\src\\Illuminate\\Foundation\\Application.php(801): array_walk(Array, Object(Closure))
#32 C:\\Users\\DELL INSPIRON 15\\Desktop\\Laravel Projects\\CBReporting\\vendor\\laravel\\framework\\src\\Illuminate\\Foundation\\Bootstrap\\BootProviders.php(17): Illuminate\\Foundation\\Application->boot()
#33 C:\\Users\\DELL INSPIRON 15\\Desktop\\Laravel Projects\\CBReporting\\vendor\\laravel\\framework\\src\\Illuminate\\Foundation\\Application.php(210): Illuminate\\Foundation\\Bootstrap\\BootProviders->bootstrap(Object(Illuminate\\Foundation\\Application))
#34 C:\\Users\\DELL INSPIRON 15\\Desktop\\Laravel Projects\\CBReporting\\vendor\\laravel\\framework\\src\\Illuminate\\Foundation\\Http\\Kernel.php(162): Illuminate\\Foundation\\Application->bootstrapWith(Array)
#35 C:\\Users\\DELL INSPIRON 15\\Desktop\\Laravel Projects\\CBReporting\\vendor\\laravel\\framework\\src\\Illuminate\\Foundation\\Http\\Kernel.php(146): Illuminate\\Foundation\\Http\\Kernel->bootstrap()
#36 C:\\Users\\DELL INSPIRON 15\\Desktop\\Laravel Projects\\CBReporting\\vendor\\laravel\\framework\\src\\Illuminate\\Foundation\\Http\\Kernel.php(116): Illuminate\\Foundation\\Http\\Kernel->sendRequestThroughRouter(Object(Illuminate\\Http\\Request))
#37 C:\\Users\\DELL INSPIRON 15\\Desktop\\Laravel Projects\\CBReporting\\public\\index.php(55): Illuminate\\Foundation\\Http\\Kernel->handle(Object(Illuminate\\Http\\Request))
#38 C:\\Users\\DELL INSPIRON 15\\Desktop\\Laravel Projects\\CBReporting\\server.php(21): require_once('C:\\\\Users\\\\DELL I...')
#39 {main}
"} 
[2019-07-13 07:53:22] local.ERROR: Invalid route action: [App\Http\Controllers\HomeControllerpeePreview]. {"exception":"[object] (UnexpectedValueException(code: 0): Invalid route action: [App\\Http\\Controllers\\HomeControllerpeePreview]. at C:\\Users\\DELL INSPIRON 15\\Desktop\\Laravel Projects\\CBReporting\\vendor\\laravel\\framework\\src\\Illuminate\\Routing\\RouteAction.php:89)
[stacktrace]
#0 C:\\Users\\DELL INSPIRON 15\\Desktop\\Laravel Projects\\CBReporting\\vendor\\laravel\\framework\\src\\Illuminate\\Routing\\RouteAction.php(46): Illuminate\\Routing\\RouteAction::makeInvokable('App\\\\Http\\\\Contro...')
#1 C:\\Users\\DELL INSPIRON 15\\Desktop\\Laravel Projects\\CBReporting\\vendor\\laravel\\framework\\src\\Illuminate\\Routing\\Route.php(162): Illuminate\\Routing\\RouteAction::parse('crr-preview', Array)
#2 C:\\Users\\DELL INSPIRON 15\\Desktop\\Laravel Projects\\CBReporting\\vendor\\laravel\\framework\\src\\Illuminate\\Routing\\Route.php(141): Illuminate\\Routing\\Route->parseAction(Array)
#3 C:\\Users\\DELL INSPIRON 15\\Desktop\\Laravel Projects\\CBReporting\\vendor\\laravel\\framework\\src\\Illuminate\\Routing\\Router.php(547): Illuminate\\Routing\\Route->__construct('POST', 'crr-preview', Array)
#4 C:\\Users\\DELL INSPIRON 15\\Desktop\\Laravel Projects\\CBReporting\\vendor\\laravel\\framework\\src\\Illuminate\\Routing\\Router.php(466): Illuminate\\Routing\\Router->newRoute('POST', 'crr-preview', Array)
#5 C:\\Users\\DELL INSPIRON 15\\Desktop\\Laravel Projects\\CBReporting\\vendor\\laravel\\framework\\src\\Illuminate\\Routing\\Router.php(445): Illuminate\\Routing\\Router->createRoute('POST', '/crr-preview', Array)
#6 C:\\Users\\DELL INSPIRON 15\\Desktop\\Laravel Projects\\CBReporting\\vendor\\laravel\\framework\\src\\Illuminate\\Routing\\Router.php(156): Illuminate\\Routing\\Router->addRoute('POST', '/crr-preview', Array)
#7 C:\\Users\\DELL INSPIRON 15\\Desktop\\Laravel Projects\\CBReporting\\vendor\\laravel\\framework\\src\\Illuminate\\Support\\Facades\\Facade.php(237): Illuminate\\Routing\\Router->post('/crr-preview', Array)
#8 C:\\Users\\DELL INSPIRON 15\\Desktop\\Laravel Projects\\CBReporting\outes\\web.php(127): Illuminate\\Support\\Facades\\Facade::__callStatic('post', Array)
#9 C:\\Users\\DELL INSPIRON 15\\Desktop\\Laravel Projects\\CBReporting\\vendor\\laravel\\framework\\src\\Illuminate\\Routing\\RouteFileRegistrar.php(35): require('C:\\\\Users\\\\DELL I...')
#10 C:\\Users\\DELL INSPIRON 15\\Desktop\\Laravel Projects\\CBReporting\\vendor\\laravel\\framework\\src\\Illuminate\\Routing\\Router.php(415): Illuminate\\Routing\\RouteFileRegistrar->register('C:\\\\Users\\\\DELL I...')
#11 C:\\Users\\DELL INSPIRON 15\\Desktop\\Laravel Projects\\CBReporting\\vendor\\laravel\\framework\\src\\Illuminate\\Routing\\Router.php(373): Illuminate\\Routing\\Router->loadRoutes('C:\\\\Users\\\\DELL I...')
#12 C:\\Users\\DELL INSPIRON 15\\Desktop\\Laravel Projects\\CBReporting\\vendor\\laravel\\framework\\src\\Illuminate\\Routing\\RouteRegistrar.php(121): Illuminate\\Routing\\Router->group(Array, 'C:\\\\Users\\\\DELL I...')
#13 C:\\Users\\DELL INSPIRON 15\\Desktop\\Laravel Projects\\CBReporting\\app\\Providers\\RouteServiceProvider.php(56): Illuminate\\Routing\\RouteRegistrar->group('C:\\\\Users\\\\DELL I...')
#14 C:\\Users\\DELL INSPIRON 15\\Desktop\\Laravel Projects\\CBReporting\\app\\Providers\\RouteServiceProvider.php(40): App\\Providers\\RouteServiceProvider->mapWebRoutes()
#15 [internal function]: App\\Providers\\RouteServiceProvider->map()
#16 C:\\Users\\DELL INSPIRON 15\\Desktop\\Laravel Projects\\CBReporting\\vendor\\laravel\\framework\\src\\Illuminate\\Container\\BoundMethod.php(32): call_user_func_array(Array, Array)
#17 C:\\Users\\DELL INSPIRON 15\\Desktop\\Laravel Projects\\CBReporting\\vendor\\laravel\\framework\\src\\Illuminate\\Container\\BoundMethod.php(90): Illuminate\\Container\\BoundMethod::Illuminate\\Container\\{closure}()
#18 C:\\Users\\DELL INSPIRON 15\\Desktop\\Laravel Projects\\CBReporting\\vendor\\laravel\\framework\\src\\Illuminate\\Container\\BoundMethod.php(34): Illuminate\\Container\\BoundMethod::callBoundMethod(Object(Illuminate\\Foundation\\Application), Array, Object(Closure))
#19 C:\\Users\\DELL INSPIRON 15\\Desktop\\Laravel Projects\\CBReporting\\vendor\\laravel\\framework\\src\\Illuminate\\Container\\Container.php(580): Illuminate\\Container\\BoundMethod::call(Object(Illuminate\\Foundation\\Application), Array, Array, NULL)
#20 C:\\Users\\DELL INSPIRON 15\\Desktop\\Laravel Projects\\CBReporting\\vendor\\laravel\\framework\\src\\Illuminate\\Foundation\\Support\\Providers\\RouteServiceProvider.php(87): Illuminate\\Container\\Container->call(Array)
#21 C:\\Users\\DELL INSPIRON 15\\Desktop\\Laravel Projects\\CBReporting\\vendor\\laravel\\framework\\src\\Illuminate\\Foundation\\Support\\Providers\\RouteServiceProvider.php(36): Illuminate\\Foundation\\Support\\Providers\\RouteServiceProvider->loadRoutes()
#22 C:\\Users\\DELL INSPIRON 15\\Desktop\\Laravel Projects\\CBReporting\\app\\Providers\\RouteServiceProvider.php(28): Illuminate\\Foundation\\Support\\Providers\\RouteServiceProvider->boot()
#23 [internal function]: App\\Providers\\RouteServiceProvider->boot()
#24 C:\\Users\\DELL INSPIRON 15\\Desktop\\Laravel Projects\\CBReporting\\vendor\\laravel\\framework\\src\\Illuminate\\Container\\BoundMethod.php(32): call_user_func_array(Array, Array)
#25 C:\\Users\\DELL INSPIRON 15\\Desktop\\Laravel Projects\\CBReporting\\vendor\\laravel\\framework\\src\\Illuminate\\Container\\BoundMethod.php(90): Illuminate\\Container\\BoundMethod::Illuminate\\Container\\{closure}()
#26 C:\\Users\\DELL INSPIRON 15\\Desktop\\Laravel Projects\\CBReporting\\vendor\\laravel\\framework\\src\\Illuminate\\Container\\BoundMethod.php(34): Illuminate\\Container\\BoundMethod::callBoundMethod(Object(Illuminate\\Foundation\\Application), Array, Object(Closure))
#27 C:\\Users\\DELL INSPIRON 15\\Desktop\\Laravel Projects\\CBReporting\\vendor\\laravel\\framework\\src\\Illuminate\\Container\\Container.php(580): Illuminate\\Container\\BoundMethod::call(Object(Illuminate\\Foundation\\Application), Array, Array, NULL)
#28 C:\\Users\\DELL INSPIRON 15\\Desktop\\Laravel Projects\\CBReporting\\vendor\\laravel\\framework\\src\\Illuminate\\Foundation\\Application.php(817): Illuminate\\Container\\Container->call(Array)
#29 C:\\Users\\DELL INSPIRON 15\\Desktop\\Laravel Projects\\CBReporting\\vendor\\laravel\\framework\\src\\Illuminate\\Foundation\\Application.php(800): Illuminate\\Foundation\\Application->bootProvider(Object(App\\Providers\\RouteServiceProvider))
#30 [internal function]: Illuminate\\Foundation\\Application->Illuminate\\Foundation\\{closure}(Object(App\\Providers\\RouteServiceProvider), 20)
#31 C:\\Users\\DELL INSPIRON 15\\Desktop\\Laravel Projects\\CBReporting\\vendor\\laravel\\framework\\src\\Illuminate\\Foundation\\Application.php(801): array_walk(Array, Object(Closure))
#32 C:\\Users\\DELL INSPIRON 15\\Desktop\\Laravel Projects\\CBReporting\\vendor\\laravel\\framework\\src\\Illuminate\\Foundation\\Bootstrap\\BootProviders.php(17): Illuminate\\Foundation\\Application->boot()
#33 C:\\Users\\DELL INSPIRON 15\\Desktop\\Laravel Projects\\CBReporting\\vendor\\laravel\\framework\\src\\Illuminate\\Foundation\\Application.php(210): Illuminate\\Foundation\\Bootstrap\\BootProviders->bootstrap(Object(Illuminate\\Foundation\\Application))
#34 C:\\Users\\DELL INSPIRON 15\\Desktop\\Laravel Projects\\CBReporting\\vendor\\laravel\\framework\\src\\Illuminate\\Foundation\\Http\\Kernel.php(162): Illuminate\\Foundation\\Application->bootstrapWith(Array)
#35 C:\\Users\\DELL INSPIRON 15\\Desktop\\Laravel Projects\\CBReporting\\vendor\\laravel\\framework\\src\\Illuminate\\Foundation\\Http\\Kernel.php(146): Illuminate\\Foundation\\Http\\Kernel->bootstrap()
#36 C:\\Users\\DELL INSPIRON 15\\Desktop\\Laravel Projects\\CBReporting\\vendor\\laravel\\framework\\src\\Illuminate\\Foundation\\Http\\Kernel.php(116): Illuminate\\Foundation\\Http\\Kernel->sendRequestThroughRouter(Object(Illuminate\\Http\\Request))
#37 C:\\Users\\DELL INSPIRON 15\\Desktop\\Laravel Projects\\CBReporting\\public\\index.php(55): Illuminate\\Foundation\\Http\\Kernel->handle(Object(Illuminate\\Http\\Request))
#38 C:\\Users\\DELL INSPIRON 15\\Desktop\\Laravel Projects\\CBReporting\\server.php(21): require_once('C:\\\\Users\\\\DELL I...')
#39 {main}
"} 
[2019-07-13 07:54:40] local.ERROR: Invalid route action: [App\Http\Controllers\HomeControllerpeePreview]. {"exception":"[object] (UnexpectedValueException(code: 0): Invalid route action: [App\\Http\\Controllers\\HomeControllerpeePreview]. at C:\\Users\\DELL INSPIRON 15\\Desktop\\Laravel Projects\\CBReporting\\vendor\\laravel\\framework\\src\\Illuminate\\Routing\\RouteAction.php:89)
[stacktrace]
#0 C:\\Users\\DELL INSPIRON 15\\Desktop\\Laravel Projects\\CBReporting\\vendor\\laravel\\framework\\src\\Illuminate\\Routing\\RouteAction.php(46): Illuminate\\Routing\\RouteAction::makeInvokable('App\\\\Http\\\\Contro...')
#1 C:\\Users\\DELL INSPIRON 15\\Desktop\\Laravel Projects\\CBReporting\\vendor\\laravel\\framework\\src\\Illuminate\\Routing\\Route.php(162): Illuminate\\Routing\\RouteAction::parse('crr-preview', Array)
#2 C:\\Users\\DELL INSPIRON 15\\Desktop\\Laravel Projects\\CBReporting\\vendor\\laravel\\framework\\src\\Illuminate\\Routing\\Route.php(141): Illuminate\\Routing\\Route->parseAction(Array)
#3 C:\\Users\\DELL INSPIRON 15\\Desktop\\Laravel Projects\\CBReporting\\vendor\\laravel\\framework\\src\\Illuminate\\Routing\\Router.php(547): Illuminate\\Routing\\Route->__construct('POST', 'crr-preview', Array)
#4 C:\\Users\\DELL INSPIRON 15\\Desktop\\Laravel Projects\\CBReporting\\vendor\\laravel\\framework\\src\\Illuminate\\Routing\\Router.php(466): Illuminate\\Routing\\Router->newRoute('POST', 'crr-preview', Array)
#5 C:\\Users\\DELL INSPIRON 15\\Desktop\\Laravel Projects\\CBReporting\\vendor\\laravel\\framework\\src\\Illuminate\\Routing\\Router.php(445): Illuminate\\Routing\\Router->createRoute('POST', '/crr-preview', Array)
#6 C:\\Users\\DELL INSPIRON 15\\Desktop\\Laravel Projects\\CBReporting\\vendor\\laravel\\framework\\src\\Illuminate\\Routing\\Router.php(156): Illuminate\\Routing\\Router->addRoute('POST', '/crr-preview', Array)
#7 C:\\Users\\DELL INSPIRON 15\\Desktop\\Laravel Projects\\CBReporting\\vendor\\laravel\\framework\\src\\Illuminate\\Support\\Facades\\Facade.php(237): Illuminate\\Routing\\Router->post('/crr-preview', Array)
#8 C:\\Users\\DELL INSPIRON 15\\Desktop\\Laravel Projects\\CBReporting\outes\\web.php(127): Illuminate\\Support\\Facades\\Facade::__callStatic('post', Array)
#9 C:\\Users\\DELL INSPIRON 15\\Desktop\\Laravel Projects\\CBReporting\\vendor\\laravel\\framework\\src\\Illuminate\\Routing\\RouteFileRegistrar.php(35): require('C:\\\\Users\\\\DELL I...')
#10 C:\\Users\\DELL INSPIRON 15\\Desktop\\Laravel Projects\\CBReporting\\vendor\\laravel\\framework\\src\\Illuminate\\Routing\\Router.php(415): Illuminate\\Routing\\RouteFileRegistrar->register('C:\\\\Users\\\\DELL I...')
#11 C:\\Users\\DELL INSPIRON 15\\Desktop\\Laravel Projects\\CBReporting\\vendor\\laravel\\framework\\src\\Illuminate\\Routing\\Router.php(373): Illuminate\\Routing\\Router->loadRoutes('C:\\\\Users\\\\DELL I...')
#12 C:\\Users\\DELL INSPIRON 15\\Desktop\\Laravel Projects\\CBReporting\\vendor\\laravel\\framework\\src\\Illuminate\\Routing\\RouteRegistrar.php(121): Illuminate\\Routing\\Router->group(Array, 'C:\\\\Users\\\\DELL I...')
#13 C:\\Users\\DELL INSPIRON 15\\Desktop\\Laravel Projects\\CBReporting\\app\\Providers\\RouteServiceProvider.php(56): Illuminate\\Routing\\RouteRegistrar->group('C:\\\\Users\\\\DELL I...')
#14 C:\\Users\\DELL INSPIRON 15\\Desktop\\Laravel Projects\\CBReporting\\app\\Providers\\RouteServiceProvider.php(40): App\\Providers\\RouteServiceProvider->mapWebRoutes()
#15 [internal function]: App\\Providers\\RouteServiceProvider->map()
#16 C:\\Users\\DELL INSPIRON 15\\Desktop\\Laravel Projects\\CBReporting\\vendor\\laravel\\framework\\src\\Illuminate\\Container\\BoundMethod.php(32): call_user_func_array(Array, Array)
#17 C:\\Users\\DELL INSPIRON 15\\Desktop\\Laravel Projects\\CBReporting\\vendor\\laravel\\framework\\src\\Illuminate\\Container\\BoundMethod.php(90): Illuminate\\Container\\BoundMethod::Illuminate\\Container\\{closure}()
#18 C:\\Users\\DELL INSPIRON 15\\Desktop\\Laravel Projects\\CBReporting\\vendor\\laravel\\framework\\src\\Illuminate\\Container\\BoundMethod.php(34): Illuminate\\Container\\BoundMethod::callBoundMethod(Object(Illuminate\\Foundation\\Application), Array, Object(Closure))
#19 C:\\Users\\DELL INSPIRON 15\\Desktop\\Laravel Projects\\CBReporting\\vendor\\laravel\\framework\\src\\Illuminate\\Container\\Container.php(580): Illuminate\\Container\\BoundMethod::call(Object(Illuminate\\Foundation\\Application), Array, Array, NULL)
#20 C:\\Users\\DELL INSPIRON 15\\Desktop\\Laravel Projects\\CBReporting\\vendor\\laravel\\framework\\src\\Illuminate\\Foundation\\Support\\Providers\\RouteServiceProvider.php(87): Illuminate\\Container\\Container->call(Array)
#21 C:\\Users\\DELL INSPIRON 15\\Desktop\\Laravel Projects\\CBReporting\\vendor\\laravel\\framework\\src\\Illuminate\\Foundation\\Support\\Providers\\RouteServiceProvider.php(36): Illuminate\\Foundation\\Support\\Providers\\RouteServiceProvider->loadRoutes()
#22 C:\\Users\\DELL INSPIRON 15\\Desktop\\Laravel Projects\\CBReporting\\app\\Providers\\RouteServiceProvider.php(28): Illuminate\\Foundation\\Support\\Providers\\RouteServiceProvider->boot()
#23 [internal function]: App\\Providers\\RouteServiceProvider->boot()
#24 C:\\Users\\DELL INSPIRON 15\\Desktop\\Laravel Projects\\CBReporting\\vendor\\laravel\\framework\\src\\Illuminate\\Container\\BoundMethod.php(32): call_user_func_array(Array, Array)
#25 C:\\Users\\DELL INSPIRON 15\\Desktop\\Laravel Projects\\CBReporting\\vendor\\laravel\\framework\\src\\Illuminate\\Container\\BoundMethod.php(90): Illuminate\\Container\\BoundMethod::Illuminate\\Container\\{closure}()
#26 C:\\Users\\DELL INSPIRON 15\\Desktop\\Laravel Projects\\CBReporting\\vendor\\laravel\\framework\\src\\Illuminate\\Container\\BoundMethod.php(34): Illuminate\\Container\\BoundMethod::callBoundMethod(Object(Illuminate\\Foundation\\Application), Array, Object(Closure))
#27 C:\\Users\\DELL INSPIRON 15\\Desktop\\Laravel Projects\\CBReporting\\vendor\\laravel\\framework\\src\\Illuminate\\Container\\Container.php(580): Illuminate\\Container\\BoundMethod::call(Object(Illuminate\\Foundation\\Application), Array, Array, NULL)
#28 C:\\Users\\DELL INSPIRON 15\\Desktop\\Laravel Projects\\CBReporting\\vendor\\laravel\\framework\\src\\Illuminate\\Foundation\\Application.php(817): Illuminate\\Container\\Container->call(Array)
#29 C:\\Users\\DELL INSPIRON 15\\Desktop\\Laravel Projects\\CBReporting\\vendor\\laravel\\framework\\src\\Illuminate\\Foundation\\Application.php(800): Illuminate\\Foundation\\Application->bootProvider(Object(App\\Providers\\RouteServiceProvider))
#30 [internal function]: Illuminate\\Foundation\\Application->Illuminate\\Foundation\\{closure}(Object(App\\Providers\\RouteServiceProvider), 20)
#31 C:\\Users\\DELL INSPIRON 15\\Desktop\\Laravel Projects\\CBReporting\\vendor\\laravel\\framework\\src\\Illuminate\\Foundation\\Application.php(801): array_walk(Array, Object(Closure))
#32 C:\\Users\\DELL INSPIRON 15\\Desktop\\Laravel Projects\\CBReporting\\vendor\\laravel\\framework\\src\\Illuminate\\Foundation\\Bootstrap\\BootProviders.php(17): Illuminate\\Foundation\\Application->boot()
#33 C:\\Users\\DELL INSPIRON 15\\Desktop\\Laravel Projects\\CBReporting\\vendor\\laravel\\framework\\src\\Illuminate\\Foundation\\Application.php(210): Illuminate\\Foundation\\Bootstrap\\BootProviders->bootstrap(Object(Illuminate\\Foundation\\Application))
#34 C:\\Users\\DELL INSPIRON 15\\Desktop\\Laravel Projects\\CBReporting\\vendor\\laravel\\framework\\src\\Illuminate\\Foundation\\Http\\Kernel.php(162): Illuminate\\Foundation\\Application->bootstrapWith(Array)
#35 C:\\Users\\DELL INSPIRON 15\\Desktop\\Laravel Projects\\CBReporting\\vendor\\laravel\\framework\\src\\Illuminate\\Foundation\\Http\\Kernel.php(146): Illuminate\\Foundation\\Http\\Kernel->bootstrap()
#36 C:\\Users\\DELL INSPIRON 15\\Desktop\\Laravel Projects\\CBReporting\\vendor\\laravel\\framework\\src\\Illuminate\\Foundation\\Http\\Kernel.php(116): Illuminate\\Foundation\\Http\\Kernel->sendRequestThroughRouter(Object(Illuminate\\Http\\Request))
#37 C:\\Users\\DELL INSPIRON 15\\Desktop\\Laravel Projects\\CBReporting\\public\\index.php(55): Illuminate\\Foundation\\Http\\Kernel->handle(Object(Illuminate\\Http\\Request))
#38 C:\\Users\\DELL INSPIRON 15\\Desktop\\Laravel Projects\\CBReporting\\server.php(21): require_once('C:\\\\Users\\\\DELL I...')
#39 {main}
"} 
[2019-07-13 07:55:43] local.ERROR: Invalid route action: [App\Http\Controllers\HomeControllerpeePreview]. {"exception":"[object] (UnexpectedValueException(code: 0): Invalid route action: [App\\Http\\Controllers\\HomeControllerpeePreview]. at C:\\Users\\DELL INSPIRON 15\\Desktop\\Laravel Projects\\CBReporting\\vendor\\laravel\\framework\\src\\Illuminate\\Routing\\RouteAction.php:89)
[stacktrace]
#0 C:\\Users\\DELL INSPIRON 15\\Desktop\\Laravel Projects\\CBReporting\\vendor\\laravel\\framework\\src\\Illuminate\\Routing\\RouteAction.php(46): Illuminate\\Routing\\RouteAction::makeInvokable('App\\\\Http\\\\Contro...')
#1 C:\\Users\\DELL INSPIRON 15\\Desktop\\Laravel Projects\\CBReporting\\vendor\\laravel\\framework\\src\\Illuminate\\Routing\\Route.php(162): Illuminate\\Routing\\RouteAction::parse('pee-preview', Array)
#2 C:\\Users\\DELL INSPIRON 15\\Desktop\\Laravel Projects\\CBReporting\\vendor\\laravel\\framework\\src\\Illuminate\\Routing\\Route.php(141): Illuminate\\Routing\\Route->parseAction(Array)
#3 C:\\Users\\DELL INSPIRON 15\\Desktop\\Laravel Projects\\CBReporting\\vendor\\laravel\\framework\\src\\Illuminate\\Routing\\Router.php(547): Illuminate\\Routing\\Route->__construct('POST', 'pee-preview', Array)
#4 C:\\Users\\DELL INSPIRON 15\\Desktop\\Laravel Projects\\CBReporting\\vendor\\laravel\\framework\\src\\Illuminate\\Routing\\Router.php(466): Illuminate\\Routing\\Router->newRoute('POST', 'pee-preview', Array)
#5 C:\\Users\\DELL INSPIRON 15\\Desktop\\Laravel Projects\\CBReporting\\vendor\\laravel\\framework\\src\\Illuminate\\Routing\\Router.php(445): Illuminate\\Routing\\Router->createRoute('POST', '/pee-preview', Array)
#6 C:\\Users\\DELL INSPIRON 15\\Desktop\\Laravel Projects\\CBReporting\\vendor\\laravel\\framework\\src\\Illuminate\\Routing\\Router.php(156): Illuminate\\Routing\\Router->addRoute('POST', '/pee-preview', Array)
#7 C:\\Users\\DELL INSPIRON 15\\Desktop\\Laravel Projects\\CBReporting\\vendor\\laravel\\framework\\src\\Illuminate\\Support\\Facades\\Facade.php(237): Illuminate\\Routing\\Router->post('/pee-preview', Array)
#8 C:\\Users\\DELL INSPIRON 15\\Desktop\\Laravel Projects\\CBReporting\outes\\web.php(127): Illuminate\\Support\\Facades\\Facade::__callStatic('post', Array)
#9 C:\\Users\\DELL INSPIRON 15\\Desktop\\Laravel Projects\\CBReporting\\vendor\\laravel\\framework\\src\\Illuminate\\Routing\\RouteFileRegistrar.php(35): require('C:\\\\Users\\\\DELL I...')
#10 C:\\Users\\DELL INSPIRON 15\\Desktop\\Laravel Projects\\CBReporting\\vendor\\laravel\\framework\\src\\Illuminate\\Routing\\Router.php(415): Illuminate\\Routing\\RouteFileRegistrar->register('C:\\\\Users\\\\DELL I...')
#11 C:\\Users\\DELL INSPIRON 15\\Desktop\\Laravel Projects\\CBReporting\\vendor\\laravel\\framework\\src\\Illuminate\\Routing\\Router.php(373): Illuminate\\Routing\\Router->loadRoutes('C:\\\\Users\\\\DELL I...')
#12 C:\\Users\\DELL INSPIRON 15\\Desktop\\Laravel Projects\\CBReporting\\vendor\\laravel\\framework\\src\\Illuminate\\Routing\\RouteRegistrar.php(121): Illuminate\\Routing\\Router->group(Array, 'C:\\\\Users\\\\DELL I...')
#13 C:\\Users\\DELL INSPIRON 15\\Desktop\\Laravel Projects\\CBReporting\\app\\Providers\\RouteServiceProvider.php(56): Illuminate\\Routing\\RouteRegistrar->group('C:\\\\Users\\\\DELL I...')
#14 C:\\Users\\DELL INSPIRON 15\\Desktop\\Laravel Projects\\CBReporting\\app\\Providers\\RouteServiceProvider.php(40): App\\Providers\\RouteServiceProvider->mapWebRoutes()
#15 [internal function]: App\\Providers\\RouteServiceProvider->map()
#16 C:\\Users\\DELL INSPIRON 15\\Desktop\\Laravel Projects\\CBReporting\\vendor\\laravel\\framework\\src\\Illuminate\\Container\\BoundMethod.php(32): call_user_func_array(Array, Array)
#17 C:\\Users\\DELL INSPIRON 15\\Desktop\\Laravel Projects\\CBReporting\\vendor\\laravel\\framework\\src\\Illuminate\\Container\\BoundMethod.php(90): Illuminate\\Container\\BoundMethod::Illuminate\\Container\\{closure}()
#18 C:\\Users\\DELL INSPIRON 15\\Desktop\\Laravel Projects\\CBReporting\\vendor\\laravel\\framework\\src\\Illuminate\\Container\\BoundMethod.php(34): Illuminate\\Container\\BoundMethod::callBoundMethod(Object(Illuminate\\Foundation\\Application), Array, Object(Closure))
#19 C:\\Users\\DELL INSPIRON 15\\Desktop\\Laravel Projects\\CBReporting\\vendor\\laravel\\framework\\src\\Illuminate\\Container\\Container.php(580): Illuminate\\Container\\BoundMethod::call(Object(Illuminate\\Foundation\\Application), Array, Array, NULL)
#20 C:\\Users\\DELL INSPIRON 15\\Desktop\\Laravel Projects\\CBReporting\\vendor\\laravel\\framework\\src\\Illuminate\\Foundation\\Support\\Providers\\RouteServiceProvider.php(87): Illuminate\\Container\\Container->call(Array)
#21 C:\\Users\\DELL INSPIRON 15\\Desktop\\Laravel Projects\\CBReporting\\vendor\\laravel\\framework\\src\\Illuminate\\Foundation\\Support\\Providers\\RouteServiceProvider.php(36): Illuminate\\Foundation\\Support\\Providers\\RouteServiceProvider->loadRoutes()
#22 C:\\Users\\DELL INSPIRON 15\\Desktop\\Laravel Projects\\CBReporting\\app\\Providers\\RouteServiceProvider.php(28): Illuminate\\Foundation\\Support\\Providers\\RouteServiceProvider->boot()
#23 [internal function]: App\\Providers\\RouteServiceProvider->boot()
#24 C:\\Users\\DELL INSPIRON 15\\Desktop\\Laravel Projects\\CBReporting\\vendor\\laravel\\framework\\src\\Illuminate\\Container\\BoundMethod.php(32): call_user_func_array(Array, Array)
#25 C:\\Users\\DELL INSPIRON 15\\Desktop\\Laravel Projects\\CBReporting\\vendor\\laravel\\framework\\src\\Illuminate\\Container\\BoundMethod.php(90): Illuminate\\Container\\BoundMethod::Illuminate\\Container\\{closure}()
#26 C:\\Users\\DELL INSPIRON 15\\Desktop\\Laravel Projects\\CBReporting\\vendor\\laravel\\framework\\src\\Illuminate\\Container\\BoundMethod.php(34): Illuminate\\Container\\BoundMethod::callBoundMethod(Object(Illuminate\\Foundation\\Application), Array, Object(Closure))
#27 C:\\Users\\DELL INSPIRON 15\\Desktop\\Laravel Projects\\CBReporting\\vendor\\laravel\\framework\\src\\Illuminate\\Container\\Container.php(580): Illuminate\\Container\\BoundMethod::call(Object(Illuminate\\Foundation\\Application), Array, Array, NULL)
#28 C:\\Users\\DELL INSPIRON 15\\Desktop\\Laravel Projects\\CBReporting\\vendor\\laravel\\framework\\src\\Illuminate\\Foundation\\Application.php(817): Illuminate\\Container\\Container->call(Array)
#29 C:\\Users\\DELL INSPIRON 15\\Desktop\\Laravel Projects\\CBReporting\\vendor\\laravel\\framework\\src\\Illuminate\\Foundation\\Application.php(800): Illuminate\\Foundation\\Application->bootProvider(Object(App\\Providers\\RouteServiceProvider))
#30 [internal function]: Illuminate\\Foundation\\Application->Illuminate\\Foundation\\{closure}(Object(App\\Providers\\RouteServiceProvider), 20)
#31 C:\\Users\\DELL INSPIRON 15\\Desktop\\Laravel Projects\\CBReporting\\vendor\\laravel\\framework\\src\\Illuminate\\Foundation\\Application.php(801): array_walk(Array, Object(Closure))
#32 C:\\Users\\DELL INSPIRON 15\\Desktop\\Laravel Projects\\CBReporting\\vendor\\laravel\\framework\\src\\Illuminate\\Foundation\\Bootstrap\\BootProviders.php(17): Illuminate\\Foundation\\Application->boot()
#33 C:\\Users\\DELL INSPIRON 15\\Desktop\\Laravel Projects\\CBReporting\\vendor\\laravel\\framework\\src\\Illuminate\\Foundation\\Application.php(210): Illuminate\\Foundation\\Bootstrap\\BootProviders->bootstrap(Object(Illuminate\\Foundation\\Application))
#34 C:\\Users\\DELL INSPIRON 15\\Desktop\\Laravel Projects\\CBReporting\\vendor\\laravel\\framework\\src\\Illuminate\\Foundation\\Http\\Kernel.php(162): Illuminate\\Foundation\\Application->bootstrapWith(Array)
#35 C:\\Users\\DELL INSPIRON 15\\Desktop\\Laravel Projects\\CBReporting\\vendor\\laravel\\framework\\src\\Illuminate\\Foundation\\Http\\Kernel.php(146): Illuminate\\Foundation\\Http\\Kernel->bootstrap()
#36 C:\\Users\\DELL INSPIRON 15\\Desktop\\Laravel Projects\\CBReporting\\vendor\\laravel\\framework\\src\\Illuminate\\Foundation\\Http\\Kernel.php(116): Illuminate\\Foundation\\Http\\Kernel->sendRequestThroughRouter(Object(Illuminate\\Http\\Request))
#37 C:\\Users\\DELL INSPIRON 15\\Desktop\\Laravel Projects\\CBReporting\\public\\index.php(55): Illuminate\\Foundation\\Http\\Kernel->handle(Object(Illuminate\\Http\\Request))
#38 C:\\Users\\DELL INSPIRON 15\\Desktop\\Laravel Projects\\CBReporting\\server.php(21): require_once('C:\\\\Users\\\\DELL I...')
#39 {main}
"} 
[2019-07-13 16:57:23] local.ERROR: Undefined variable: icm_mm {"exception":"[object] (ErrorException(code: 0): Undefined variable: icm_mm at C:\\Users\\DELL INSPIRON 15\\Desktop\\Laravel Projects\\CBReporting\\app\\Http\\Controllers\\HomeController.php:1402)
[stacktrace]
#0 C:\\Users\\DELL INSPIRON 15\\Desktop\\Laravel Projects\\CBReporting\\app\\Http\\Controllers\\HomeController.php(1402): Illuminate\\Foundation\\Bootstrap\\HandleExceptions->handleError(8, 'Undefined varia...', 'C:\\\\Users\\\\DELL I...', 1402, Array)
#1 [internal function]: App\\Http\\Controllers\\HomeController->peePreview(Object(Illuminate\\Http\\Request))
#2 C:\\Users\\DELL INSPIRON 15\\Desktop\\Laravel Projects\\CBReporting\\vendor\\laravel\\framework\\src\\Illuminate\\Routing\\Controller.php(54): call_user_func_array(Array, Array)
#3 C:\\Users\\DELL INSPIRON 15\\Desktop\\Laravel Projects\\CBReporting\\vendor\\laravel\\framework\\src\\Illuminate\\Routing\\ControllerDispatcher.php(45): Illuminate\\Routing\\Controller->callAction('peePreview', Array)
#4 C:\\Users\\DELL INSPIRON 15\\Desktop\\Laravel Projects\\CBReporting\\vendor\\laravel\\framework\\src\\Illuminate\\Routing\\Route.php(219): Illuminate\\Routing\\ControllerDispatcher->dispatch(Object(Illuminate\\Routing\\Route), Object(App\\Http\\Controllers\\HomeController), 'peePreview')
#5 C:\\Users\\DELL INSPIRON 15\\Desktop\\Laravel Projects\\CBReporting\\vendor\\laravel\\framework\\src\\Illuminate\\Routing\\Route.php(176): Illuminate\\Routing\\Route->runController()
#6 C:\\Users\\DELL INSPIRON 15\\Desktop\\Laravel Projects\\CBReporting\\vendor\\laravel\\framework\\src\\Illuminate\\Routing\\Router.php(680): Illuminate\\Routing\\Route->run()
#7 C:\\Users\\DELL INSPIRON 15\\Desktop\\Laravel Projects\\CBReporting\\vendor\\laravel\\framework\\src\\Illuminate\\Routing\\Pipeline.php(30): Illuminate\\Routing\\Router->Illuminate\\Routing\\{closure}(Object(Illuminate\\Http\\Request))
#8 C:\\Users\\DELL INSPIRON 15\\Desktop\\Laravel Projects\\CBReporting\\vendor\\laravel\\framework\\src\\Illuminate\\Routing\\Middleware\\SubstituteBindings.php(41): Illuminate\\Routing\\Pipeline->Illuminate\\Routing\\{closure}(Object(Illuminate\\Http\\Request))
#9 C:\\Users\\DELL INSPIRON 15\\Desktop\\Laravel Projects\\CBReporting\\vendor\\laravel\\framework\\src\\Illuminate\\Pipeline\\Pipeline.php(163): Illuminate\\Routing\\Middleware\\SubstituteBindings->handle(Object(Illuminate\\Http\\Request), Object(Closure))
#10 C:\\Users\\DELL INSPIRON 15\\Desktop\\Laravel Projects\\CBReporting\\vendor\\laravel\\framework\\src\\Illuminate\\Routing\\Pipeline.php(53): Illuminate\\Pipeline\\Pipeline->Illuminate\\Pipeline\\{closure}(Object(Illuminate\\Http\\Request))
#11 C:\\Users\\DELL INSPIRON 15\\Desktop\\Laravel Projects\\CBReporting\\vendor\\laravel\\framework\\src\\Illuminate\\Foundation\\Http\\Middleware\\VerifyCsrfToken.php(75): Illuminate\\Routing\\Pipeline->Illuminate\\Routing\\{closure}(Object(Illuminate\\Http\\Request))
#12 C:\\Users\\DELL INSPIRON 15\\Desktop\\Laravel Projects\\CBReporting\\vendor\\laravel\\framework\\src\\Illuminate\\Pipeline\\Pipeline.php(163): Illuminate\\Foundation\\Http\\Middleware\\VerifyCsrfToken->handle(Object(Illuminate\\Http\\Request), Object(Closure))
#13 C:\\Users\\DELL INSPIRON 15\\Desktop\\Laravel Projects\\CBReporting\\vendor\\laravel\\framework\\src\\Illuminate\\Routing\\Pipeline.php(53): Illuminate\\Pipeline\\Pipeline->Illuminate\\Pipeline\\{closure}(Object(Illuminate\\Http\\Request))
#14 C:\\Users\\DELL INSPIRON 15\\Desktop\\Laravel Projects\\CBReporting\\vendor\\laravel\\framework\\src\\Illuminate\\View\\Middleware\\ShareErrorsFromSession.php(49): Illuminate\\Routing\\Pipeline->Illuminate\\Routing\\{closure}(Object(Illuminate\\Http\\Request))
#15 C:\\Users\\DELL INSPIRON 15\\Desktop\\Laravel Projects\\CBReporting\\vendor\\laravel\\framework\\src\\Illuminate\\Pipeline\\Pipeline.php(163): Illuminate\\View\\Middleware\\ShareErrorsFromSession->handle(Object(Illuminate\\Http\\Request), Object(Closure))
#16 C:\\Users\\DELL INSPIRON 15\\Desktop\\Laravel Projects\\CBReporting\\vendor\\laravel\\framework\\src\\Illuminate\\Routing\\Pipeline.php(53): Illuminate\\Pipeline\\Pipeline->Illuminate\\Pipeline\\{closure}(Object(Illuminate\\Http\\Request))
#17 C:\\Users\\DELL INSPIRON 15\\Desktop\\Laravel Projects\\CBReporting\\vendor\\laravel\\framework\\src\\Illuminate\\Session\\Middleware\\StartSession.php(56): Illuminate\\Routing\\Pipeline->Illuminate\\Routing\\{closure}(Object(Illuminate\\Http\\Request))
#18 C:\\Users\\DELL INSPIRON 15\\Desktop\\Laravel Projects\\CBReporting\\vendor\\laravel\\framework\\src\\Illuminate\\Pipeline\\Pipeline.php(163): Illuminate\\Session\\Middleware\\StartSession->handle(Object(Illuminate\\Http\\Request), Object(Closure))
#19 C:\\Users\\DELL INSPIRON 15\\Desktop\\Laravel Projects\\CBReporting\\vendor\\laravel\\framework\\src\\Illuminate\\Routing\\Pipeline.php(53): Illuminate\\Pipeline\\Pipeline->Illuminate\\Pipeline\\{closure}(Object(Illuminate\\Http\\Request))
#20 C:\\Users\\DELL INSPIRON 15\\Desktop\\Laravel Projects\\CBReporting\\vendor\\laravel\\framework\\src\\Illuminate\\Cookie\\Middleware\\AddQueuedCookiesToResponse.php(37): Illuminate\\Routing\\Pipeline->Illuminate\\Routing\\{closure}(Object(Illuminate\\Http\\Request))
#21 C:\\Users\\DELL INSPIRON 15\\Desktop\\Laravel Projects\\CBReporting\\vendor\\laravel\\framework\\src\\Illuminate\\Pipeline\\Pipeline.php(163): Illuminate\\Cookie\\Middleware\\AddQueuedCookiesToResponse->handle(Object(Illuminate\\Http\\Request), Object(Closure))
#22 C:\\Users\\DELL INSPIRON 15\\Desktop\\Laravel Projects\\CBReporting\\vendor\\laravel\\framework\\src\\Illuminate\\Routing\\Pipeline.php(53): Illuminate\\Pipeline\\Pipeline->Illuminate\\Pipeline\\{closure}(Object(Illuminate\\Http\\Request))
#23 C:\\Users\\DELL INSPIRON 15\\Desktop\\Laravel Projects\\CBReporting\\vendor\\laravel\\framework\\src\\Illuminate\\Cookie\\Middleware\\EncryptCookies.php(66): Illuminate\\Routing\\Pipeline->Illuminate\\Routing\\{closure}(Object(Illuminate\\Http\\Request))
#24 C:\\Users\\DELL INSPIRON 15\\Desktop\\Laravel Projects\\CBReporting\\vendor\\laravel\\framework\\src\\Illuminate\\Pipeline\\Pipeline.php(163): Illuminate\\Cookie\\Middleware\\EncryptCookies->handle(Object(Illuminate\\Http\\Request), Object(Closure))
#25 C:\\Users\\DELL INSPIRON 15\\Desktop\\Laravel Projects\\CBReporting\\vendor\\laravel\\framework\\src\\Illuminate\\Routing\\Pipeline.php(53): Illuminate\\Pipeline\\Pipeline->Illuminate\\Pipeline\\{closure}(Object(Illuminate\\Http\\Request))
#26 C:\\Users\\DELL INSPIRON 15\\Desktop\\Laravel Projects\\CBReporting\\vendor\\laravel\\framework\\src\\Illuminate\\Pipeline\\Pipeline.php(104): Illuminate\\Routing\\Pipeline->Illuminate\\Routing\\{closure}(Object(Illuminate\\Http\\Request))
#27 C:\\Users\\DELL INSPIRON 15\\Desktop\\Laravel Projects\\CBReporting\\vendor\\laravel\\framework\\src\\Illuminate\\Routing\\Router.php(682): Illuminate\\Pipeline\\Pipeline->then(Object(Closure))
#28 C:\\Users\\DELL INSPIRON 15\\Desktop\\Laravel Projects\\CBReporting\\vendor\\laravel\\framework\\src\\Illuminate\\Routing\\Router.php(657): Illuminate\\Routing\\Router->runRouteWithinStack(Object(Illuminate\\Routing\\Route), Object(Illuminate\\Http\\Request))
#29 C:\\Users\\DELL INSPIRON 15\\Desktop\\Laravel Projects\\CBReporting\\vendor\\laravel\\framework\\src\\Illuminate\\Routing\\Router.php(623): Illuminate\\Routing\\Router->runRoute(Object(Illuminate\\Http\\Request), Object(Illuminate\\Routing\\Route))
#30 C:\\Users\\DELL INSPIRON 15\\Desktop\\Laravel Projects\\CBReporting\\vendor\\laravel\\framework\\src\\Illuminate\\Routing\\Router.php(612): Illuminate\\Routing\\Router->dispatchToRoute(Object(Illuminate\\Http\\Request))
#31 C:\\Users\\DELL INSPIRON 15\\Desktop\\Laravel Projects\\CBReporting\\vendor\\laravel\\framework\\src\\Illuminate\\Foundation\\Http\\Kernel.php(176): Illuminate\\Routing\\Router->dispatch(Object(Illuminate\\Http\\Request))
#32 C:\\Users\\DELL INSPIRON 15\\Desktop\\Laravel Projects\\CBReporting\\vendor\\laravel\\framework\\src\\Illuminate\\Routing\\Pipeline.php(30): Illuminate\\Foundation\\Http\\Kernel->Illuminate\\Foundation\\Http\\{closure}(Object(Illuminate\\Http\\Request))
#33 C:\\Users\\DELL INSPIRON 15\\Desktop\\Laravel Projects\\CBReporting\\vendor\\fideloper\\proxy\\src\\TrustProxies.php(57): Illuminate\\Routing\\Pipeline->Illuminate\\Routing\\{closure}(Object(Illuminate\\Http\\Request))
#34 C:\\Users\\DELL INSPIRON 15\\Desktop\\Laravel Projects\\CBReporting\\vendor\\laravel\\framework\\src\\Illuminate\\Pipeline\\Pipeline.php(163): Fideloper\\Proxy\\TrustProxies->handle(Object(Illuminate\\Http\\Request), Object(Closure))
#35 C:\\Users\\DELL INSPIRON 15\\Desktop\\Laravel Projects\\CBReporting\\vendor\\laravel\\framework\\src\\Illuminate\\Routing\\Pipeline.php(53): Illuminate\\Pipeline\\Pipeline->Illuminate\\Pipeline\\{closure}(Object(Illuminate\\Http\\Request))
#36 C:\\Users\\DELL INSPIRON 15\\Desktop\\Laravel Projects\\CBReporting\\vendor\\laravel\\framework\\src\\Illuminate\\Foundation\\Http\\Middleware\\TransformsRequest.php(21): Illuminate\\Routing\\Pipeline->Illuminate\\Routing\\{closure}(Object(Illuminate\\Http\\Request))
#37 C:\\Users\\DELL INSPIRON 15\\Desktop\\Laravel Projects\\CBReporting\\vendor\\laravel\\framework\\src\\Illuminate\\Pipeline\\Pipeline.php(163): Illuminate\\Foundation\\Http\\Middleware\\TransformsRequest->handle(Object(Illuminate\\Http\\Request), Object(Closure))
#38 C:\\Users\\DELL INSPIRON 15\\Desktop\\Laravel Projects\\CBReporting\\vendor\\laravel\\framework\\src\\Illuminate\\Routing\\Pipeline.php(53): Illuminate\\Pipeline\\Pipeline->Illuminate\\Pipeline\\{closure}(Object(Illuminate\\Http\\Request))
#39 C:\\Users\\DELL INSPIRON 15\\Desktop\\Laravel Projects\\CBReporting\\vendor\\laravel\\framework\\src\\Illuminate\\Foundation\\Http\\Middleware\\TransformsRequest.php(21): Illuminate\\Routing\\Pipeline->Illuminate\\Routing\\{closure}(Object(Illuminate\\Http\\Request))
#40 C:\\Users\\DELL INSPIRON 15\\Desktop\\Laravel Projects\\CBReporting\\vendor\\laravel\\framework\\src\\Illuminate\\Pipeline\\Pipeline.php(163): Illuminate\\Foundation\\Http\\Middleware\\TransformsRequest->handle(Object(Illuminate\\Http\\Request), Object(Closure))
#41 C:\\Users\\DELL INSPIRON 15\\Desktop\\Laravel Projects\\CBReporting\\vendor\\laravel\\framework\\src\\Illuminate\\Routing\\Pipeline.php(53): Illuminate\\Pipeline\\Pipeline->Illuminate\\Pipeline\\{closure}(Object(Illuminate\\Http\\Request))
#42 C:\\Users\\DELL INSPIRON 15\\Desktop\\Laravel Projects\\CBReporting\\vendor\\laravel\\framework\\src\\Illuminate\\Foundation\\Http\\Middleware\\ValidatePostSize.php(27): Illuminate\\Routing\\Pipeline->Illuminate\\Routing\\{closure}(Object(Illuminate\\Http\\Request))
#43 C:\\Users\\DELL INSPIRON 15\\Desktop\\Laravel Projects\\CBReporting\\vendor\\laravel\\framework\\src\\Illuminate\\Pipeline\\Pipeline.php(163): Illuminate\\Foundation\\Http\\Middleware\\ValidatePostSize->handle(Object(Illuminate\\Http\\Request), Object(Closure))
#44 C:\\Users\\DELL INSPIRON 15\\Desktop\\Laravel Projects\\CBReporting\\vendor\\laravel\\framework\\src\\Illuminate\\Routing\\Pipeline.php(53): Illuminate\\Pipeline\\Pipeline->Illuminate\\Pipeline\\{closure}(Object(Illuminate\\Http\\Request))
#45 C:\\Users\\DELL INSPIRON 15\\Desktop\\Laravel Projects\\CBReporting\\vendor\\laravel\\framework\\src\\Illuminate\\Foundation\\Http\\Middleware\\CheckForMaintenanceMode.php(62): Illuminate\\Routing\\Pipeline->Illuminate\\Routing\\{closure}(Object(Illuminate\\Http\\Request))
#46 C:\\Users\\DELL INSPIRON 15\\Desktop\\Laravel Projects\\CBReporting\\vendor\\laravel\\framework\\src\\Illuminate\\Pipeline\\Pipeline.php(163): Illuminate\\Foundation\\Http\\Middleware\\CheckForMaintenanceMode->handle(Object(Illuminate\\Http\\Request), Object(Closure))
#47 C:\\Users\\DELL INSPIRON 15\\Desktop\\Laravel Projects\\CBReporting\\vendor\\laravel\\framework\\src\\Illuminate\\Routing\\Pipeline.php(53): Illuminate\\Pipeline\\Pipeline->Illuminate\\Pipeline\\{closure}(Object(Illuminate\\Http\\Request))
#48 C:\\Users\\DELL INSPIRON 15\\Desktop\\Laravel Projects\\CBReporting\\vendor\\laravel\\framework\\src\\Illuminate\\Pipeline\\Pipeline.php(104): Illuminate\\Routing\\Pipeline->Illuminate\\Routing\\{closure}(Object(Illuminate\\Http\\Request))
#49 C:\\Users\\DELL INSPIRON 15\\Desktop\\Laravel Projects\\CBReporting\\vendor\\laravel\\framework\\src\\Illuminate\\Foundation\\Http\\Kernel.php(151): Illuminate\\Pipeline\\Pipeline->then(Object(Closure))
#50 C:\\Users\\DELL INSPIRON 15\\Desktop\\Laravel Projects\\CBReporting\\vendor\\laravel\\framework\\src\\Illuminate\\Foundation\\Http\\Kernel.php(116): Illuminate\\Foundation\\Http\\Kernel->sendRequestThroughRouter(Object(Illuminate\\Http\\Request))
#51 C:\\Users\\DELL INSPIRON 15\\Desktop\\Laravel Projects\\CBReporting\\public\\index.php(55): Illuminate\\Foundation\\Http\\Kernel->handle(Object(Illuminate\\Http\\Request))
#52 C:\\Users\\DELL INSPIRON 15\\Desktop\\Laravel Projects\\CBReporting\\server.php(21): require_once('C:\\\\Users\\\\DELL I...')
#53 {main}
"} 
